<?xml version="1.0" encoding="UTF-8"?>
<!-- Generated by org.testng.reporters.JUnitXMLReporter -->
<testsuite ignored="0" hostname="DESKTOP-LOJOMDE" failures="0" tests="4" name="UserCRUDTests" time="8.5" errors="0" timestamp="2025-06-15T10:51:28 IST">
  <testcase classname="CRUDOperation.UserCRUDTest" name="createUser" time="5.607"/>
  <testcase classname="CRUDOperation.UserCRUDTest" name="getUser" time="0.275"/>
  <testcase classname="CRUDOperation.UserCRUDTest" name="updateUser" time="0.971"/>
  <testcase classname="CRUDOperation.UserCRUDTest" name="deleteUser" time="0.662"/>
</testsuite> <!-- UserCRUDTests -->
