<?xml version="1.0" encoding="UTF-8"?>
<testng-results ignored="0" total="4" passed="4" failed="0" skipped="0">
  <reporter-output>
  </reporter-output>
  <suite started-at="2025-06-15T10:20:49 IST" name="APITestSuite" finished-at="2025-06-15T10:20:58 IST" duration-ms="9446">
    <groups>
    </groups>
    <test started-at="2025-06-15T10:20:49 IST" name="UserCRUDTests" finished-at="2025-06-15T10:20:58 IST" duration-ms="9446">
      <class name="CRUDOperation.UserCRUDTest">
        <test-method signature="createUser()[pri:1, instance:CRUDOperation.UserCRUDTest@4b8ee4de]" started-at="2025-06-15T10:20:49 IST" name="createUser" finished-at="2025-06-15T10:20:55 IST" duration-ms="6288" status="PASS">
          <reporter-output>
          </reporter-output>
        </test-method> <!-- createUser -->
        <test-method signature="getUser()[pri:2, instance:CRUDOperation.UserCRUDTest@4b8ee4de]" started-at="2025-06-15T10:20:55 IST" name="getUser" finished-at="2025-06-15T10:20:56 IST" depends-on-methods="CRUDOperation.UserCRUDTest.createUser" duration-ms="288" status="PASS">
          <reporter-output>
          </reporter-output>
        </test-method> <!-- getUser -->
        <test-method signature="updateUser()[pri:3, instance:CRUDOperation.UserCRUDTest@4b8ee4de]" started-at="2025-06-15T10:20:56 IST" name="updateUser" finished-at="2025-06-15T10:20:58 IST" depends-on-methods="CRUDOperation.UserCRUDTest.getUser" duration-ms="1935" status="PASS">
          <reporter-output>
          </reporter-output>
        </test-method> <!-- updateUser -->
        <test-method signature="deleteUser()[pri:4, instance:CRUDOperation.UserCRUDTest@4b8ee4de]" started-at="2025-06-15T10:20:58 IST" name="deleteUser" finished-at="2025-06-15T10:20:58 IST" depends-on-methods="CRUDOperation.UserCRUDTest.updateUser" duration-ms="809" status="PASS">
          <reporter-output>
          </reporter-output>
        </test-method> <!-- deleteUser -->
      </class> <!-- CRUDOperation.UserCRUDTest -->
    </test> <!-- UserCRUDTests -->
  </suite> <!-- APITestSuite -->
</testng-results>
