<?xml version="1.0" encoding="UTF-8"?>
<!-- Generated by org.testng.reporters.JUnitXMLReporter -->
<testsuite ignored="0" hostname="DESKTOP-LOJOMDE" failures="0" tests="4" name="Default test" time="10.304" errors="0" timestamp="2025-06-15T10:19:52 IST">
  <testcase classname="CRUDOperation.UserCRUDTest" name="createUser" time="6.482"/>
  <testcase classname="CRUDOperation.UserCRUDTest" name="getUser" time="1.411"/>
  <testcase classname="CRUDOperation.UserCRUDTest" name="updateUser" time="0.878"/>
  <testcase classname="CRUDOperation.UserCRUDTest" name="deleteUser" time="1.32"/>
</testsuite> <!-- Default test -->
