<?xml version="1.0" encoding="UTF-8"?>
<!-- Generated by org.testng.reporters.JUnitXMLReporter -->
<testsuite ignored="0" hostname="DESKTOP-LOJOMDE" failures="0" tests="4" name="UserCRUDTests" time="9.446" errors="0" timestamp="2025-06-15T10:20:58 IST">
  <testcase classname="CRUDOperation.UserCRUDTest" name="createUser" time="6.288"/>
  <testcase classname="CRUDOperation.UserCRUDTest" name="getUser" time="0.288"/>
  <testcase classname="CRUDOperation.UserCRUDTest" name="updateUser" time="1.935"/>
  <testcase classname="CRUDOperation.UserCRUDTest" name="deleteUser" time="0.809"/>
</testsuite> <!-- UserCRUDTests -->
