<?xml version="1.0" encoding="UTF-8"?>
<testsuite xmlns:xsi="http://www.w3.org/2001/XMLSchema-instance" xsi:noNamespaceSchemaLocation="https://maven.apache.org/surefire/maven-surefire-plugin/xsd/surefire-test-report-3.0.xsd" version="3.0" name="TestSuite" time="9.431" tests="4" errors="0" skipped="0" failures="0">
  <properties>
[...]
</properties>
  <testcase name="createUser" classname="CRUDOperation.UserCRUDTest" time="5.613">
    <system-out><![CDATA[{
    "name": "om yadav",
    "job": "Qa Tester",
    "id": "835",
    "createdAt": "2025-06-15T05:21:26.568Z"
}
835
]]></system-out>
    <system-err><![CDATA[SLF4J: Failed to load class "org.slf4j.impl.StaticLoggerBinder".
SLF4J: Defaulting to no-operation (NOP) logger implementation
SLF4J: See http://www.slf4j.org/codes.html#StaticLoggerBinder for further details.
]]></system-err>
  </testcase>
  <testcase name="getUser" classname="CRUDOperation.UserCRUDTest" time="0.228"/>
  <testcase name="updateUser" classname="CRUDOperation.UserCRUDTest" time="0.97"/>
  <testcase name="deleteUser" classname="CRUDOperation.UserCRUDTest" time="0.662"/>
</testsuite>