<?xml version="1.0" encoding="UTF-8"?>
<testng-results ignored="0" total="4" passed="4" failed="0" skipped="0">
  <reporter-output>
  </reporter-output>
  <suite started-at="2025-06-15T10:51:20 IST" name="APITestSuite" finished-at="2025-06-15T10:51:28 IST" duration-ms="8500">
    <groups>
    </groups>
    <test started-at="2025-06-15T10:51:20 IST" name="UserCRUDTests" finished-at="2025-06-15T10:51:28 IST" duration-ms="8500">
      <class name="CRUDOperation.UserCRUDTest">
        <test-method is-config="true" signature="setupReport()[pri:0, instance:CRUDOperation.UserCRUDTest@2f7298b]" started-at="2025-06-15T10:51:20 IST" name="setupReport" finished-at="2025-06-15T10:51:20 IST" duration-ms="336" status="PASS">
          <reporter-output>
          </reporter-output>
        </test-method> <!-- setupReport -->
        <test-method signature="createUser()[pri:1, instance:CRUDOperation.UserCRUDTest@2f7298b]" started-at="2025-06-15T10:51:20 IST" name="createUser" finished-at="2025-06-15T10:51:26 IST" duration-ms="5607" status="PASS">
          <reporter-output>
          </reporter-output>
        </test-method> <!-- createUser -->
        <test-method signature="getUser()[pri:2, instance:CRUDOperation.UserCRUDTest@2f7298b]" started-at="2025-06-15T10:51:26 IST" name="getUser" finished-at="2025-06-15T10:51:26 IST" depends-on-methods="CRUDOperation.UserCRUDTest.createUser" duration-ms="275" status="PASS">
          <reporter-output>
          </reporter-output>
        </test-method> <!-- getUser -->
        <test-method signature="updateUser()[pri:3, instance:CRUDOperation.UserCRUDTest@2f7298b]" started-at="2025-06-15T10:51:26 IST" name="updateUser" finished-at="2025-06-15T10:51:27 IST" depends-on-methods="CRUDOperation.UserCRUDTest.getUser" duration-ms="971" status="PASS">
          <reporter-output>
          </reporter-output>
        </test-method> <!-- updateUser -->
        <test-method signature="deleteUser()[pri:4, instance:CRUDOperation.UserCRUDTest@2f7298b]" started-at="2025-06-15T10:51:27 IST" name="deleteUser" finished-at="2025-06-15T10:51:28 IST" depends-on-methods="CRUDOperation.UserCRUDTest.updateUser" duration-ms="662" status="PASS">
          <reporter-output>
          </reporter-output>
        </test-method> <!-- deleteUser -->
        <test-method is-config="true" signature="tearDownReport()[pri:0, instance:CRUDOperation.UserCRUDTest@2f7298b]" started-at="2025-06-15T10:51:28 IST" name="tearDownReport" finished-at="2025-06-15T10:51:28 IST" duration-ms="585" status="PASS">
          <reporter-output>
          </reporter-output>
        </test-method> <!-- tearDownReport -->
      </class> <!-- CRUDOperation.UserCRUDTest -->
    </test> <!-- UserCRUDTests -->
  </suite> <!-- APITestSuite -->
</testng-results>
